<?xml version="1.0" encoding="UTF-8"?>
<coverage generated="1615246893287" clover="3.2.0">
  <project timestamp="1615246893287" name="All files">
    <metrics statements="61" coveredstatements="36" conditionals="18" coveredconditionals="4" methods="10" coveredmethods="3" elements="89" coveredelements="43" complexity="0" loc="61" ncloc="61" packages="3" files="7" classes="7"/>
    <package name="middleware">
      <metrics statements="29" coveredstatements="14" conditionals="14" coveredconditionals="4" methods="4" coveredmethods="2"/>
      <file name="authMiddleware.js" path="C:\Users\angel\OneDrive\Desktop\PROJCOSC4353Editable - save with tweaks\backend\middleware\authMiddleware.js">
        <metrics statements="21" coveredstatements="9" conditionals="10" coveredconditionals="2" methods="2" coveredmethods="1"/>
        <line num="6" count="1" type="stmt"/>
        <line num="9" count="1" type="stmt"/>
        <line num="11" count="1" type="cond" truecount="1" falsecount="1"/>
        <line num="15" count="0" type="stmt"/>
        <line num="17" count="1" type="stmt"/>
        <line num="18" count="1" type="stmt"/>
        <line num="19" count="0" type="stmt"/>
        <line num="20" count="0" type="stmt"/>
        <line num="22" count="0" type="stmt"/>
        <line num="23" count="0" type="stmt"/>
        <line num="25" count="1" type="stmt"/>
        <line num="26" count="1" type="stmt"/>
        <line num="27" count="1" type="stmt"/>
        <line num="31" count="0" type="cond" truecount="0" falsecount="2"/>
        <line num="32" count="0" type="stmt"/>
        <line num="33" count="0" type="stmt"/>
        <line num="36" count="1" type="stmt"/>
        <line num="37" count="0" type="cond" truecount="0" falsecount="4"/>
        <line num="38" count="0" type="stmt"/>
        <line num="40" count="0" type="stmt"/>
        <line num="41" count="0" type="stmt"/>
      </file>
      <file name="errorMiddleware.js" path="C:\Users\angel\OneDrive\Desktop\PROJCOSC4353Editable - save with tweaks\backend\middleware\errorMiddleware.js">
        <metrics statements="8" coveredstatements="5" conditionals="4" coveredconditionals="2" methods="2" coveredmethods="1"/>
        <line num="1" count="1" type="stmt"/>
        <line num="2" count="0" type="stmt"/>
        <line num="3" count="0" type="stmt"/>
        <line num="4" count="0" type="stmt"/>
        <line num="7" count="1" type="stmt"/>
        <line num="8" count="1" type="cond" truecount="1" falsecount="1"/>
        <line num="9" count="1" type="stmt"/>
        <line num="10" count="1" type="stmt"/>
      </file>
    </package>
    <package name="routes">
      <metrics statements="30" coveredstatements="20" conditionals="4" coveredconditionals="0" methods="5" coveredmethods="0"/>
      <file name="orderRoutes.js" path="C:\Users\angel\OneDrive\Desktop\PROJCOSC4353Editable - save with tweaks\backend\routes\orderRoutes.js">
        <metrics statements="6" coveredstatements="6" conditionals="0" coveredconditionals="0" methods="0" coveredmethods="0"/>
        <line num="2" count="1" type="stmt"/>
        <line num="7" count="1" type="stmt"/>
        <line num="8" count="1" type="stmt"/>
        <line num="9" count="1" type="stmt"/>
        <line num="10" count="1" type="stmt"/>
        <line num="11" count="1" type="stmt"/>
      </file>
      <file name="productRoutes.js" path="C:\Users\angel\OneDrive\Desktop\PROJCOSC4353Editable - save with tweaks\backend\routes\productRoutes.js">
        <metrics statements="5" coveredstatements="5" conditionals="0" coveredconditionals="0" methods="0" coveredmethods="0"/>
        <line num="2" count="1" type="stmt"/>
        <line num="7" count="1" type="stmt"/>
        <line num="8" count="1" type="stmt"/>
        <line num="9" count="1" type="stmt"/>
        <line num="10" count="1" type="stmt"/>
      </file>
      <file name="uploadRoutes.js" path="C:\Users\angel\OneDrive\Desktop\PROJCOSC4353Editable - save with tweaks\backend\routes\uploadRoutes.js">
        <metrics statements="14" coveredstatements="4" conditionals="4" coveredconditionals="0" methods="5" coveredmethods="0"/>
        <line num="4" count="1" type="stmt"/>
        <line num="6" count="1" type="stmt"/>
        <line num="8" count="0" type="stmt"/>
        <line num="11" count="0" type="stmt"/>
        <line num="19" count="0" type="stmt"/>
        <line num="20" count="0" type="stmt"/>
        <line num="21" count="0" type="stmt"/>
        <line num="23" count="0" type="cond" truecount="0" falsecount="4"/>
        <line num="24" count="0" type="stmt"/>
        <line num="26" count="0" type="stmt"/>
        <line num="30" count="1" type="stmt"/>
        <line num="33" count="0" type="stmt"/>
        <line num="37" count="1" type="stmt"/>
        <line num="38" count="0" type="stmt"/>
      </file>
      <file name="userRoutes.js" path="C:\Users\angel\OneDrive\Desktop\PROJCOSC4353Editable - save with tweaks\backend\routes\userRoutes.js">
        <metrics statements="5" coveredstatements="5" conditionals="0" coveredconditionals="0" methods="0" coveredmethods="0"/>
        <line num="2" count="1" type="stmt"/>
        <line num="8" count="1" type="stmt"/>
        <line num="9" count="1" type="stmt"/>
        <line num="10" count="1" type="stmt"/>
        <line num="11" count="1" type="stmt"/>
      </file>
    </package>
    <package name="utils">
      <metrics statements="2" coveredstatements="2" conditionals="0" coveredconditionals="0" methods="1" coveredmethods="1"/>
      <file name="generateToken.js" path="C:\Users\angel\OneDrive\Desktop\PROJCOSC4353Editable - save with tweaks\backend\utils\generateToken.js">
        <metrics statements="2" coveredstatements="2" conditionals="0" coveredconditionals="0" methods="1" coveredmethods="1"/>
        <line num="3" count="1" type="stmt"/>
        <line num="4" count="2" type="stmt"/>
      </file>
    </package>
  </project>
</coverage>
