{"C:\\Users\\angel\\OneDrive\\Desktop\\PROJCOSC4353Editable\\backend\\middleware\\authMiddleware.js": {"path":"C:\\Users\\angel\\OneDrive\\Desktop\\PROJCOSC4353Editable\\backend\\middleware\\authMiddleware.js","statementMap":{"0":{"start":{"line":6,"column":16},"end":{"line":35,"column":2}},"1":{"start":{"line":11,"column":4},"end":{"line":16,"column":5}},"2":{"start":{"line":15,"column":8},"end":{"line":15,"column":34}},"3":{"start":{"line":17,"column":8},"end":{"line":28,"column":9}},"4":{"start":{"line":18,"column":12},"end":{"line":18,"column":59}},"5":{"start":{"line":19,"column":28},"end":{"line":19,"column":69}},"6":{"start":{"line":20,"column":12},"end":{"line":20,"column":73}},"7":{"start":{"line":22,"column":12},"end":{"line":22,"column":18}},"8":{"start":{"line":23,"column":12},"end":{"line":23,"column":34}},"9":{"start":{"line":25,"column":12},"end":{"line":25,"column":32}},"10":{"start":{"line":26,"column":12},"end":{"line":26,"column":27}},"11":{"start":{"line":27,"column":12},"end":{"line":27,"column":59}},"12":{"start":{"line":31,"column":4},"end":{"line":34,"column":5}},"13":{"start":{"line":32,"column":8},"end":{"line":32,"column":23}},"14":{"start":{"line":33,"column":8},"end":{"line":33,"column":51}},"15":{"start":{"line":36,"column":14},"end":{"line":43,"column":3}},"16":{"start":{"line":37,"column":4},"end":{"line":42,"column":5}},"17":{"start":{"line":38,"column":6},"end":{"line":38,"column":12}},"18":{"start":{"line":40,"column":6},"end":{"line":40,"column":21}},"19":{"start":{"line":41,"column":6},"end":{"line":41,"column":51}}},"fnMap":{"0":{"name":"(anonymous_0)","decl":{"start":{"line":6,"column":29},"end":{"line":6,"column":30}},"loc":{"start":{"line":6,"column":52},"end":{"line":35,"column":1}},"line":6},"1":{"name":"(anonymous_1)","decl":{"start":{"line":36,"column":14},"end":{"line":36,"column":15}},"loc":{"start":{"line":36,"column":34},"end":{"line":43,"column":3}},"line":36}},"branchMap":{"0":{"loc":{"start":{"line":11,"column":4},"end":{"line":16,"column":5}},"type":"if","locations":[{"start":{"line":11,"column":4},"end":{"line":16,"column":5}},{"start":{"line":11,"column":4},"end":{"line":16,"column":5}}],"line":11},"1":{"loc":{"start":{"line":12,"column":8},"end":{"line":13,"column":54}},"type":"binary-expr","locations":[{"start":{"line":12,"column":8},"end":{"line":12,"column":33}},{"start":{"line":13,"column":8},"end":{"line":13,"column":54}}],"line":12},"2":{"loc":{"start":{"line":31,"column":4},"end":{"line":34,"column":5}},"type":"if","locations":[{"start":{"line":31,"column":4},"end":{"line":34,"column":5}},{"start":{"line":31,"column":4},"end":{"line":34,"column":5}}],"line":31},"3":{"loc":{"start":{"line":37,"column":4},"end":{"line":42,"column":5}},"type":"if","locations":[{"start":{"line":37,"column":4},"end":{"line":42,"column":5}},{"start":{"line":37,"column":4},"end":{"line":42,"column":5}}],"line":37},"4":{"loc":{"start":{"line":37,"column":8},"end":{"line":37,"column":36}},"type":"binary-expr","locations":[{"start":{"line":37,"column":8},"end":{"line":37,"column":16}},{"start":{"line":37,"column":20},"end":{"line":37,"column":36}}],"line":37}},"s":{"0":1,"1":2,"2":1,"3":2,"4":2,"5":1,"6":1,"7":1,"8":1,"9":1,"10":1,"11":1,"12":1,"13":0,"14":0,"15":1,"16":1,"17":0,"18":1,"19":1},"f":{"0":2,"1":1},"b":{"0":[1,1],"1":[2,1],"2":[0,1],"3":[0,1],"4":[1,1]},"_coverageSchema":"1a1c01bbd47fc00a2c39e90264f33305004495a9","hash":"f740d77eb700d9dfc6f7a47be491be7fb5d5f574"}
,"C:\\Users\\angel\\OneDrive\\Desktop\\PROJCOSC4353Editable\\backend\\middleware\\errorMiddleware.js": {"path":"C:\\Users\\angel\\OneDrive\\Desktop\\PROJCOSC4353Editable\\backend\\middleware\\errorMiddleware.js","statementMap":{"0":{"start":{"line":1,"column":17},"end":{"line":5,"column":1}},"1":{"start":{"line":2,"column":18},"end":{"line":2,"column":61}},"2":{"start":{"line":3,"column":4},"end":{"line":3,"column":19}},"3":{"start":{"line":4,"column":4},"end":{"line":4,"column":15}}},"fnMap":{"0":{"name":"(anonymous_0)","decl":{"start":{"line":1,"column":17},"end":{"line":1,"column":18}},"loc":{"start":{"line":1,"column":35},"end":{"line":5,"column":1}},"line":1}},"branchMap":{},"s":{"0":1,"1":1,"2":1,"3":1},"f":{"0":1},"b":{},"_coverageSchema":"1a1c01bbd47fc00a2c39e90264f33305004495a9","hash":"411484d23d6652072033a221f49b8f2ceb435729"}
,"C:\\Users\\angel\\OneDrive\\Desktop\\PROJCOSC4353Editable\\backend\\routes\\orderRoutes.js": {"path":"C:\\Users\\angel\\OneDrive\\Desktop\\PROJCOSC4353Editable\\backend\\routes\\orderRoutes.js","statementMap":{"0":{"start":{"line":2,"column":15},"end":{"line":2,"column":31}},"1":{"start":{"line":7,"column":0},"end":{"line":7,"column":77}},"2":{"start":{"line":8,"column":0},"end":{"line":8,"column":51}},"3":{"start":{"line":9,"column":0},"end":{"line":9,"column":47}},"4":{"start":{"line":10,"column":0},"end":{"line":10,"column":56}},"5":{"start":{"line":11,"column":0},"end":{"line":11,"column":72}}},"fnMap":{},"branchMap":{},"s":{"0":1,"1":1,"2":1,"3":1,"4":1,"5":1},"f":{},"b":{},"_coverageSchema":"1a1c01bbd47fc00a2c39e90264f33305004495a9","hash":"57ad45d5735348f5670f767fcbdcc6f4015d5918"}
,"C:\\Users\\angel\\OneDrive\\Desktop\\PROJCOSC4353Editable\\backend\\routes\\productRoutes.js": {"path":"C:\\Users\\angel\\OneDrive\\Desktop\\PROJCOSC4353Editable\\backend\\routes\\productRoutes.js","statementMap":{"0":{"start":{"line":2,"column":15},"end":{"line":2,"column":31}},"1":{"start":{"line":7,"column":0},"end":{"line":7,"column":70}},"2":{"start":{"line":8,"column":0},"end":{"line":8,"column":63}},"3":{"start":{"line":9,"column":0},"end":{"line":9,"column":34}},"4":{"start":{"line":10,"column":0},"end":{"line":10,"column":113}}},"fnMap":{},"branchMap":{},"s":{"0":1,"1":1,"2":1,"3":1,"4":1},"f":{},"b":{},"_coverageSchema":"1a1c01bbd47fc00a2c39e90264f33305004495a9","hash":"0a3a7cfb61dde615c5c1d2515d449b1e36011688"}
,"C:\\Users\\angel\\OneDrive\\Desktop\\PROJCOSC4353Editable\\backend\\routes\\userRoutes.js": {"path":"C:\\Users\\angel\\OneDrive\\Desktop\\PROJCOSC4353Editable\\backend\\routes\\userRoutes.js","statementMap":{"0":{"start":{"line":2,"column":15},"end":{"line":2,"column":31}},"1":{"start":{"line":8,"column":0},"end":{"line":8,"column":66}},"2":{"start":{"line":9,"column":0},"end":{"line":9,"column":31}},"3":{"start":{"line":10,"column":0},"end":{"line":10,"column":85}},"4":{"start":{"line":11,"column":0},"end":{"line":11,"column":120}}},"fnMap":{},"branchMap":{},"s":{"0":1,"1":1,"2":1,"3":1,"4":1},"f":{},"b":{},"_coverageSchema":"1a1c01bbd47fc00a2c39e90264f33305004495a9","hash":"df3c83de56ecc4fdb93c231db37bc64f70c29112"}
}
