TN:
SF:middleware\authMiddleware.js
FN:6,(anonymous_0)
FN:36,(anonymous_1)
FNF:2
FNH:1
FNDA:1,(anonymous_0)
FNDA:0,(anonymous_1)
DA:6,1
DA:9,1
DA:11,1
DA:15,0
DA:17,1
DA:18,1
DA:19,0
DA:20,0
DA:22,0
DA:23,0
DA:25,1
DA:26,1
DA:27,1
DA:31,0
DA:32,0
DA:33,0
DA:36,1
DA:37,0
DA:38,0
DA:40,0
DA:41,0
LF:21
LH:9
BRDA:11,0,0,0
BRDA:11,0,1,1
BRDA:12,1,0,1
BRDA:12,1,1,0
BRDA:31,2,0,0
BRDA:31,2,1,0
BRDA:37,3,0,0
BRDA:37,3,1,0
BRDA:37,4,0,0
BRDA:37,4,1,0
BRF:10
BRH:2
end_of_record
TN:
SF:middleware\errorMiddleware.js
FN:1,(anonymous_0)
FN:7,(anonymous_1)
FNF:2
FNH:1
FNDA:0,(anonymous_0)
FNDA:1,(anonymous_1)
DA:1,1
DA:2,0
DA:3,0
DA:4,0
DA:7,1
DA:8,1
DA:9,1
DA:10,1
LF:8
LH:5
BRDA:8,0,0,0
BRDA:8,0,1,1
BRDA:12,1,0,0
BRDA:12,1,1,1
BRF:4
BRH:2
end_of_record
TN:
SF:routes\orderRoutes.js
FNF:0
FNH:0
DA:2,1
DA:7,1
DA:8,1
DA:9,1
DA:10,1
DA:11,1
LF:6
LH:6
BRF:0
BRH:0
end_of_record
TN:
SF:routes\productRoutes.js
FNF:0
FNH:0
DA:2,1
DA:7,1
DA:8,1
DA:9,1
DA:10,1
LF:5
LH:5
BRF:0
BRH:0
end_of_record
TN:
SF:routes\uploadRoutes.js
FN:7,(anonymous_0)
FN:10,(anonymous_1)
FN:18,checkFileType
FN:32,(anonymous_3)
FN:37,(anonymous_4)
FNF:5
FNH:0
FNDA:0,(anonymous_0)
FNDA:0,(anonymous_1)
FNDA:0,checkFileType
FNDA:0,(anonymous_3)
FNDA:0,(anonymous_4)
DA:4,1
DA:6,1
DA:8,0
DA:11,0
DA:19,0
DA:20,0
DA:21,0
DA:23,0
DA:24,0
DA:26,0
DA:30,1
DA:33,0
DA:37,1
DA:38,0
LF:14
LH:4
BRDA:23,0,0,0
BRDA:23,0,1,0
BRDA:23,1,0,0
BRDA:23,1,1,0
BRF:4
BRH:0
end_of_record
TN:
SF:routes\userRoutes.js
FNF:0
FNH:0
DA:2,1
DA:8,1
DA:9,1
DA:10,1
DA:11,1
LF:5
LH:5
BRF:0
BRH:0
end_of_record
TN:
SF:utils\generateToken.js
FN:3,(anonymous_0)
FNF:1
FNH:1
FNDA:2,(anonymous_0)
DA:3,1
DA:4,2
LF:2
LH:2
BRF:0
BRH:0
end_of_record
