TN:
SF:controllers\orderController.js
FN:7,(anonymous_0)
FN:43,(anonymous_1)
FN:60,(anonymous_2)
FN:85,(anonymous_3)
FN:104,(anonymous_4)
FN:112,(anonymous_5)
FNF:6
FNH:0
FNDA:0,(anonymous_0)
FNDA:0,(anonymous_1)
FNDA:0,(anonymous_2)
FNDA:0,(anonymous_3)
FNDA:0,(anonymous_4)
FNDA:0,(anonymous_5)
DA:7,1
DA:16,0
DA:18,0
DA:19,0
DA:20,0
DA:21,0
DA:23,0
DA:34,0
DA:36,0
DA:43,1
DA:44,0
DA:49,0
DA:50,0
DA:52,0
DA:53,0
DA:60,1
DA:61,0
DA:63,0
DA:64,0
DA:65,0
DA:66,0
DA:73,0
DA:75,0
DA:77,0
DA:78,0
DA:85,1
DA:86,0
DA:88,0
DA:89,0
DA:90,0
DA:92,0
DA:94,0
DA:96,0
DA:97,0
DA:104,1
DA:105,0
DA:106,0
DA:112,1
DA:113,0
DA:114,0
LF:40
LH:6
BRDA:18,0,0,0
BRDA:18,0,1,0
BRDA:18,1,0,0
BRDA:18,1,1,0
BRDA:49,2,0,0
BRDA:49,2,1,0
BRDA:63,3,0,0
BRDA:63,3,1,0
BRDA:88,4,0,0
BRDA:88,4,1,0
BRF:10
BRH:0
end_of_record
TN:
SF:controllers\productController.js
FN:7,(anonymous_0)
FN:31,(anonymous_1)
FN:45,(anonymous_2)
FN:60,(anonymous_3)
FN:80,(anonymous_4)
FN:113,(anonymous_5)
FN:120,(anonymous_6)
FN:140,(anonymous_7)
FN:154,(anonymous_8)
FNF:9
FNH:0
FNDA:0,(anonymous_0)
FNDA:0,(anonymous_1)
FNDA:0,(anonymous_2)
FNDA:0,(anonymous_3)
FNDA:0,(anonymous_4)
FNDA:0,(anonymous_5)
FNDA:0,(anonymous_6)
FNDA:0,(anonymous_7)
FNDA:0,(anonymous_8)
DA:7,1
DA:8,0
DA:9,0
DA:11,0
DA:20,0
DA:21,0
DA:25,0
DA:31,1
DA:32,0
DA:34,0
DA:35,0
DA:37,0
DA:38,0
DA:45,1
DA:46,0
DA:48,0
DA:49,0
DA:50,0
DA:52,0
DA:53,0
DA:60,1
DA:61,0
DA:73,0
DA:74,0
DA:80,1
DA:89,0
DA:91,0
DA:93,0
DA:94,0
DA:95,0
DA:96,0
DA:97,0
DA:98,0
DA:99,0
DA:100,0
DA:102,0
DA:103,0
DA:105,0
DA:106,0
DA:113,1
DA:114,0
DA:116,0
DA:118,0
DA:119,0
DA:120,0
DA:123,0
DA:124,0
DA:125,0
DA:128,0
DA:135,0
DA:137,0
DA:139,0
DA:140,0
DA:143,0
DA:144,0
DA:146,0
DA:147,0
DA:154,1
DA:155,0
DA:157,0
LF:60
LH:7
BRDA:9,0,0,0
BRDA:9,0,1,0
BRDA:11,1,0,0
BRDA:11,1,1,0
BRDA:34,2,0,0
BRDA:34,2,1,0
BRDA:48,3,0,0
BRDA:48,3,1,0
BRDA:93,4,0,0
BRDA:93,4,1,0
BRDA:118,5,0,0
BRDA:118,5,1,0
BRDA:123,6,0,0
BRDA:123,6,1,0
BRF:14
BRH:0
end_of_record
TN:
SF:controllers\userController.js
FN:8,(anonymous_0)
FN:30,(anonymous_1)
FN:65,(anonymous_2)
FN:85,(anonymous_3)
FN:113,(anonymous_4)
FN:121,(anonymous_5)
FN:136,(anonymous_6)
FN:150,(anonymous_7)
FNF:8
FNH:1
FNDA:2,(anonymous_0)
FNDA:0,(anonymous_1)
FNDA:0,(anonymous_2)
FNDA:0,(anonymous_3)
FNDA:0,(anonymous_4)
FNDA:0,(anonymous_5)
FNDA:0,(anonymous_6)
FNDA:0,(anonymous_7)
DA:8,1
DA:9,2
DA:11,2
DA:13,2
DA:14,2
DA:22,0
DA:23,0
DA:30,1
DA:31,0
DA:33,0
DA:35,0
DA:36,0
DA:37,0
DA:40,0
DA:48,0
DA:49,0
DA:57,0
DA:58,0
DA:65,1
DA:66,0
DA:68,0
DA:69,0
DA:77,0
DA:78,0
DA:85,1
DA:86,0
DA:88,0
DA:89,0
DA:90,0
DA:91,0
DA:92,0
DA:95,0
DA:97,0
DA:105,0
DA:106,0
DA:113,1
DA:114,0
DA:115,0
DA:121,1
DA:122,0
DA:124,0
DA:125,0
DA:126,0
DA:128,0
DA:129,0
DA:136,1
DA:137,0
DA:139,0
DA:140,0
DA:142,0
DA:143,0
DA:150,1
DA:151,0
DA:153,0
DA:154,0
DA:155,0
DA:158,0
DA:160,0
DA:167,0
DA:168,0
LF:60
LH:12
BRDA:13,0,0,2
BRDA:13,0,1,0
BRDA:13,1,0,2
BRDA:13,1,1,2
BRDA:35,2,0,0
BRDA:35,2,1,0
BRDA:48,3,0,0
BRDA:48,3,1,0
BRDA:68,4,0,0
BRDA:68,4,1,0
BRDA:88,5,0,0
BRDA:88,5,1,0
BRDA:89,6,0,0
BRDA:89,6,1,0
BRDA:90,7,0,0
BRDA:90,7,1,0
BRDA:91,8,0,0
BRDA:91,8,1,0
BRDA:124,9,0,0
BRDA:124,9,1,0
BRDA:139,10,0,0
BRDA:139,10,1,0
BRDA:153,11,0,0
BRDA:153,11,1,0
BRDA:154,12,0,0
BRDA:154,12,1,0
BRDA:155,13,0,0
BRDA:155,13,1,0
BRF:28
BRH:3
end_of_record
TN:
SF:middleware\authMiddleware.js
FN:6,(anonymous_0)
FN:36,(anonymous_1)
FNF:2
FNH:1
FNDA:1,(anonymous_0)
FNDA:0,(anonymous_1)
DA:6,1
DA:9,1
DA:11,1
DA:15,1
DA:17,1
DA:18,1
DA:19,1
DA:20,1
DA:22,0
DA:23,0
DA:25,0
DA:26,0
DA:27,0
DA:31,0
DA:32,0
DA:33,0
DA:36,1
DA:37,0
DA:38,0
DA:40,0
DA:41,0
LF:21
LH:9
BRDA:11,0,0,1
BRDA:11,0,1,0
BRDA:12,1,0,1
BRDA:12,1,1,1
BRDA:31,2,0,0
BRDA:31,2,1,0
BRDA:37,3,0,0
BRDA:37,3,1,0
BRDA:37,4,0,0
BRDA:37,4,1,0
BRF:10
BRH:3
end_of_record
TN:
SF:middleware\errorMiddleware.js
FN:1,(anonymous_0)
FN:7,(anonymous_1)
FNF:2
FNH:0
FNDA:0,(anonymous_0)
FNDA:0,(anonymous_1)
DA:1,1
DA:2,0
DA:3,0
DA:4,0
DA:7,1
DA:8,0
DA:9,0
DA:10,0
LF:8
LH:2
BRDA:8,0,0,0
BRDA:8,0,1,0
BRDA:12,1,0,0
BRDA:12,1,1,0
BRF:4
BRH:0
end_of_record
TN:
SF:models\orderModel.js
FNF:0
FNH:0
DA:3,1
DA:76,1
LF:2
LH:2
BRF:0
BRH:0
end_of_record
TN:
SF:models\productModel.js
FNF:0
FNH:0
DA:3,1
DA:11,1
DA:64,1
LF:3
LH:3
BRF:0
BRH:0
end_of_record
TN:
SF:models\userModel.js
FN:35,(anonymous_0)
FN:39,(anonymous_1)
FNF:2
FNH:1
FNDA:2,(anonymous_0)
FNDA:0,(anonymous_1)
DA:4,1
DA:35,1
DA:36,2
DA:39,1
DA:40,0
DA:41,0
DA:44,0
DA:45,0
DA:49,1
LF:9
LH:5
BRDA:40,0,0,0
BRDA:40,0,1,0
BRF:2
BRH:0
end_of_record
TN:
SF:routes\orderRoutes.js
FNF:0
FNH:0
DA:2,1
DA:7,1
DA:8,1
DA:9,1
DA:10,1
DA:11,1
LF:6
LH:6
BRF:0
BRH:0
end_of_record
TN:
SF:routes\productRoutes.js
FNF:0
FNH:0
DA:2,1
DA:7,1
DA:8,1
DA:9,1
DA:10,1
LF:5
LH:5
BRF:0
BRH:0
end_of_record
TN:
SF:routes\uploadRoutes.js
FN:7,(anonymous_0)
FN:10,(anonymous_1)
FN:18,checkFileType
FN:32,(anonymous_3)
FN:37,(anonymous_4)
FNF:5
FNH:0
FNDA:0,(anonymous_0)
FNDA:0,(anonymous_1)
FNDA:0,checkFileType
FNDA:0,(anonymous_3)
FNDA:0,(anonymous_4)
DA:4,1
DA:6,1
DA:8,0
DA:11,0
DA:19,0
DA:20,0
DA:21,0
DA:23,0
DA:24,0
DA:26,0
DA:30,1
DA:33,0
DA:37,1
DA:38,0
LF:14
LH:4
BRDA:23,0,0,0
BRDA:23,0,1,0
BRDA:23,1,0,0
BRDA:23,1,1,0
BRF:4
BRH:0
end_of_record
TN:
SF:routes\userRoutes.js
FNF:0
FNH:0
DA:2,1
DA:8,1
DA:9,1
DA:10,1
DA:11,1
LF:5
LH:5
BRF:0
BRH:0
end_of_record
TN:
SF:utils\generateToken.js
FN:3,(anonymous_0)
FNF:1
FNH:1
FNDA:2,(anonymous_0)
DA:3,1
DA:4,2
LF:2
LH:2
BRF:0
BRH:0
end_of_record
